Determining if the pthread_create exist failed with the following output:
Change Dir: /home/salvadiaz/Escritorio/2doParcial/cmake-build-debug/CMakeFiles/CMakeTmp

Run Build Command:"/usr/bin/make" "cmTC_574b8/fast"
/usr/bin/make -f CMakeFiles/cmTC_574b8.dir/build.make CMakeFiles/cmTC_574b8.dir/build
make[1]: se entra en el directorio '/home/salvadiaz/Escritorio/2doParcial/cmake-build-debug/CMakeFiles/CMakeTmp'
Building C object CMakeFiles/cmTC_574b8.dir/CheckSymbolExists.c.o
/usr/bin/cc    -o CMakeFiles/cmTC_574b8.dir/CheckSymbolExists.c.o   -c /home/salvadiaz/Escritorio/2doParcial/cmake-build-debug/CMakeFiles/CMakeTmp/CheckSymbolExists.c
Linking C executable cmTC_574b8
/home/salvadiaz/Descargas/clion-2017.2.3/bin/cmake/bin/cmake -E cmake_link_script CMakeFiles/cmTC_574b8.dir/link.txt --verbose=1
/usr/bin/cc      -rdynamic CMakeFiles/cmTC_574b8.dir/CheckSymbolExists.c.o  -o cmTC_574b8 
CMakeFiles/cmTC_574b8.dir/CheckSymbolExists.c.o: En la funci√≥n `main':
CheckSymbolExists.c:(.text+0x1b): referencia a `pthread_create' sin definir
collect2: error: ld returned 1 exit status
CMakeFiles/cmTC_574b8.dir/build.make:97: fallo en las instrucciones para el objetivo 'cmTC_574b8'
make[1]: *** [cmTC_574b8] Error 1
make[1]: se sale del directorio '/home/salvadiaz/Escritorio/2doParcial/cmake-build-debug/CMakeFiles/CMakeTmp'
Makefile:126: fallo en las instrucciones para el objetivo 'cmTC_574b8/fast'
make: *** [cmTC_574b8/fast] Error 2

File /home/salvadiaz/Escritorio/2doParcial/cmake-build-debug/CMakeFiles/CMakeTmp/CheckSymbolExists.c:
/* */
#include <pthread.h>

int main(int argc, char** argv)
{
  (void)argv;
#ifndef pthread_create
  return ((int*)(&pthread_create))[argc];
#else
  (void)argc;
  return 0;
#endif
}

Determining if the function pthread_create exists in the pthreads failed with the following output:
Change Dir: /home/salvadiaz/Escritorio/2doParcial/cmake-build-debug/CMakeFiles/CMakeTmp

Run Build Command:"/usr/bin/make" "cmTC_7123d/fast"
/usr/bin/make -f CMakeFiles/cmTC_7123d.dir/build.make CMakeFiles/cmTC_7123d.dir/build
make[1]: se entra en el directorio '/home/salvadiaz/Escritorio/2doParcial/cmake-build-debug/CMakeFiles/CMakeTmp'
Building C object CMakeFiles/cmTC_7123d.dir/CheckFunctionExists.c.o
/usr/bin/cc   -DCHECK_FUNCTION_EXISTS=pthread_create   -o CMakeFiles/cmTC_7123d.dir/CheckFunctionExists.c.o   -c /home/salvadiaz/Descargas/clion-2017.2.3/bin/cmake/share/cmake-3.8/Modules/CheckFunctionExists.c
Linking C executable cmTC_7123d
/home/salvadiaz/Descargas/clion-2017.2.3/bin/cmake/bin/cmake -E cmake_link_script CMakeFiles/cmTC_7123d.dir/link.txt --verbose=1
/usr/bin/cc  -DCHECK_FUNCTION_EXISTS=pthread_create    -rdynamic CMakeFiles/cmTC_7123d.dir/CheckFunctionExists.c.o  -o cmTC_7123d -lpthreads 
/usr/bin/ld: no se puede encontrar -lpthreads
collect2: error: ld returned 1 exit status
CMakeFiles/cmTC_7123d.dir/build.make:97: fallo en las instrucciones para el objetivo 'cmTC_7123d'
make[1]: *** [cmTC_7123d] Error 1
make[1]: se sale del directorio '/home/salvadiaz/Escritorio/2doParcial/cmake-build-debug/CMakeFiles/CMakeTmp'
Makefile:126: fallo en las instrucciones para el objetivo 'cmTC_7123d/fast'
make: *** [cmTC_7123d/fast] Error 2


